<?xml version="1.0" encoding="UTF-8"?>
<testng-results skipped="0" failed="0" total="1" passed="1">
  <reporter-output>
  </reporter-output>
  <suite name="Mavenprojclass.Testfacebook" duration-ms="46766" started-at="2019-06-05T09:09:01Z" finished-at="2019-06-05T09:09:48Z">
    <groups>
    </groups>
    <test name="Command line test" duration-ms="46766" started-at="2019-06-05T09:09:01Z" finished-at="2019-06-05T09:09:48Z">
      <class name="Mavenprojclass.Testfacebook">
        <test-method status="PASS" signature="TestFireFox()[pri:0, instance:Mavenprojclass.Testfacebook@34ce8af7]" name="TestFireFox" duration-ms="46735" started-at="2019-06-05T14:39:01Z" finished-at="2019-06-05T14:39:48Z">
          <reporter-output>
          </reporter-output>
        </test-method> <!-- TestFireFox -->
      </class> <!-- Mavenprojclass.Testfacebook -->
    </test> <!-- Command line test -->
  </suite> <!-- Mavenprojclass.Testfacebook -->
</testng-results>
